app/build/intermediates/manifest_merge_blame_file/debug/manifest-merger-blame-debug-report.txt
1<?xml version="1.0" encoding="utf-8"?>
2<manifest xmlns:android="http://schemas.android.com/apk/res/android"
3    package="com.example.assignment"
4    android:versionCode="1"
5    android:versionName="1.0" >
6
7    <uses-sdk
8        android:minSdkVersion="14"
8-->src/main/AndroidManifest.xml
9        android:targetSdkVersion="29" />
9-->src/main/AndroidManifest.xml
10
11    <uses-permission android:name="android.permission.ACCESS_NETWORK_STATE" />
11-->src/main/AndroidManifest.xml:5:5-79
11-->src/main/AndroidManifest.xml:5:22-76
12    <uses-permission android:name="android.permission.INTERNET" />
12-->src/main/AndroidManifest.xml:6:5-67
12-->src/main/AndroidManifest.xml:6:22-64
13
14    <application
14-->src/main/AndroidManifest.xml:8:5-31:19
15        android:allowBackup="true"
15-->src/main/AndroidManifest.xml:9:9-35
16        android:appComponentFactory="androidx.core.app.CoreComponentFactory"
16-->[androidx.core:core:1.0.2] AndroidManifest.xml:22:18-86
17        android:debuggable="true"
18        android:icon="@mipmap/ic_launcher"
18-->src/main/AndroidManifest.xml:10:9-43
19        android:label="@string/app_name"
19-->src/main/AndroidManifest.xml:11:9-41
20        android:roundIcon="@mipmap/ic_launcher_round"
20-->src/main/AndroidManifest.xml:12:9-54
21        android:supportsRtl="true"
21-->src/main/AndroidManifest.xml:13:9-35
22        android:testOnly="true"
23        android:theme="@style/AppTheme" >
23-->src/main/AndroidManifest.xml:14:9-40
24        <activity android:name="com.example.assignment.LoginPage" />
24-->src/main/AndroidManifest.xml:15:9-56
24-->src/main/AndroidManifest.xml:15:19-44
25        <activity
25-->src/main/AndroidManifest.xml:16:9-18:59
26            android:name="com.example.assignment.Register"
26-->src/main/AndroidManifest.xml:17:13-37
27            android:theme="@style/AppTheme.NoActionBar" />
27-->src/main/AndroidManifest.xml:18:13-56
28        <activity
28-->src/main/AndroidManifest.xml:19:9-27:20
29            android:name="com.example.assignment.FirstPage"
29-->src/main/AndroidManifest.xml:20:13-38
30            android:theme="@style/AppTheme.NoActionBar" >
30-->src/main/AndroidManifest.xml:21:13-56
31            <intent-filter>
31-->src/main/AndroidManifest.xml:22:13-26:29
32                <action android:name="android.intent.action.MAIN" />
32-->src/main/AndroidManifest.xml:23:17-69
32-->src/main/AndroidManifest.xml:23:25-66
33
34                <category android:name="android.intent.category.LAUNCHER" />
34-->src/main/AndroidManifest.xml:25:17-77
34-->src/main/AndroidManifest.xml:25:27-74
35            </intent-filter>
36        </activity>
37        <activity
37-->src/main/AndroidManifest.xml:28:9-30:59
38            android:name="com.example.assignment.MainActivity"
38-->src/main/AndroidManifest.xml:29:13-41
39            android:theme="@style/AppTheme.NoActionBar" />
39-->src/main/AndroidManifest.xml:30:13-56
40
41        <provider
41-->[androidx.lifecycle:lifecycle-process:2.1.0] AndroidManifest.xml:23:9-27:43
42            android:name="androidx.lifecycle.ProcessLifecycleOwnerInitializer"
42-->[androidx.lifecycle:lifecycle-process:2.1.0] AndroidManifest.xml:24:13-79
43            android:authorities="com.example.assignment.lifecycle-process"
43-->[androidx.lifecycle:lifecycle-process:2.1.0] AndroidManifest.xml:25:13-69
44            android:exported="false"
44-->[androidx.lifecycle:lifecycle-process:2.1.0] AndroidManifest.xml:26:13-37
45            android:multiprocess="true" />
45-->[androidx.lifecycle:lifecycle-process:2.1.0] AndroidManifest.xml:27:13-40
46
47        <service
47-->[androidx.room:room-runtime:2.2.2] AndroidManifest.xml:25:9-27:40
48            android:name="androidx.room.MultiInstanceInvalidationService"
48-->[androidx.room:room-runtime:2.2.2] AndroidManifest.xml:26:13-74
49            android:exported="false" />
49-->[androidx.room:room-runtime:2.2.2] AndroidManifest.xml:27:13-37
50    </application>
51
52</manifest>